[ 2025-08-18 01:58:06,926 ] 42 root - INFO - Start data Ingestion
[ 2025-08-18 01:58:08,515 ] 65 root - INFO - Performed train test split on the dataframe
[ 2025-08-18 01:58:08,515 ] 67 root - INFO - Exited split_data_as_train_test method of Data_Ingestion class
[ 2025-08-18 01:58:08,515 ] 75 root - INFO - Exporting train and test file path.
[ 2025-08-18 01:58:08,593 ] 84 root - INFO - Exported train and test file path.
[ 2025-08-18 01:58:08,597 ] 45 root - INFO - Data Ingestion completed and artifact: DataIngestionArtifact(trained_file_path='Artifacts\\08_18_2025_01_57_44\\data_ingestion\\ingested\\train.csv', test_file_path='Artifacts\\08_18_2025_01_57_44\\data_ingestion\\ingested\\test.csv')
[ 2025-08-18 01:58:08,605 ] 55 root - INFO - Initiate the data Validation
[ 2025-08-18 01:58:08,719 ] 32 root - INFO - Required number of columns:2
[ 2025-08-18 01:58:08,719 ] 33 root - INFO - Data frame has columns:31
[ 2025-08-18 01:58:08,719 ] 32 root - INFO - Required number of columns:2
[ 2025-08-18 01:58:08,719 ] 33 root - INFO - Data frame has columns:31
[ 2025-08-18 01:58:08,945 ] 63 root - INFO - Entered initiate_data_transformation method of DataTransformation class
[ 2025-08-18 01:58:08,946 ] 65 root - INFO - Starting data transformation
[ 2025-08-18 01:58:08,984 ] 48 root - INFO - Entered get_data_trnasformer_object method of Trnasformation class
[ 2025-08-18 01:58:08,984 ] 53 root - INFO - Initialise KNNImputer with {'missing_values': nan, 'n_neighbors': 3, 'weights': 'uniform'}
[ 2025-08-18 01:58:09,013 ] 46 root - INFO - Entered the save_object method of MainUtils class
[ 2025-08-18 01:58:09,018 ] 50 root - INFO - Exited the save_object method of MainUtils class
[ 2025-08-18 01:58:09,018 ] 46 root - INFO - Entered the save_object method of MainUtils class
[ 2025-08-18 01:58:09,026 ] 50 root - INFO - Exited the save_object method of MainUtils class
[ 2025-08-18 02:01:25,818 ] 46 root - INFO - Entered the save_object method of MainUtils class
[ 2025-08-18 02:01:25,818 ] 50 root - INFO - Exited the save_object method of MainUtils class
[ 2025-08-18 02:01:25,818 ] 46 root - INFO - Entered the save_object method of MainUtils class
[ 2025-08-18 02:01:25,834 ] 50 root - INFO - Exited the save_object method of MainUtils class
[ 2025-08-18 02:01:25,834 ] 146 root - INFO - Model trainer artifact: ModelTrainerArtifact(trained_model_file_path='Artifacts\\08_18_2025_01_57_44\\model_trainer\\trained_model\\model.pkl', train_metric_artifact=ClassificationMetricArtifact(f1_score=0.9904108206318765, precision_score=0.9875201288244766, recall_score=0.9933184855233853), test_metric_artifact=ClassificationMetricArtifact(f1_score=0.9788445890968267, precision_score=0.9701612903225807, recall_score=0.9876847290640394))
