[ 2025-08-19 01:39:34,463 ] 42 root - INFO - Start data Ingestion
[ 2025-08-19 01:39:36,542 ] 65 root - INFO - Performed train test split on the dataframe
[ 2025-08-19 01:39:36,542 ] 67 root - INFO - Exited split_data_as_train_test method of Data_Ingestion class
[ 2025-08-19 01:39:36,542 ] 75 root - INFO - Exporting train and test file path.
[ 2025-08-19 01:39:36,602 ] 84 root - INFO - Exported train and test file path.
[ 2025-08-19 01:39:36,602 ] 45 root - INFO - Data Ingestion completed and artifact: DataIngestionArtifact(trained_file_path='Artifacts\\08_19_2025_01_39_25\\data_ingestion\\ingested\\train.csv', test_file_path='Artifacts\\08_19_2025_01_39_25\\data_ingestion\\ingested\\test.csv')
[ 2025-08-19 01:39:36,618 ] 55 root - INFO - Initiate the data Validation
[ 2025-08-19 01:39:36,634 ] 32 root - INFO - Required number of columns:2
[ 2025-08-19 01:39:36,634 ] 33 root - INFO - Data frame has columns:31
[ 2025-08-19 01:39:36,634 ] 32 root - INFO - Required number of columns:2
[ 2025-08-19 01:39:36,634 ] 33 root - INFO - Data frame has columns:31
[ 2025-08-19 01:39:36,816 ] 63 root - INFO - Entered initiate_data_transformation method of DataTransformation class
[ 2025-08-19 01:39:36,816 ] 65 root - INFO - Starting data transformation
[ 2025-08-19 01:39:36,843 ] 48 root - INFO - Entered get_data_trnasformer_object method of Trnasformation class
[ 2025-08-19 01:39:36,843 ] 53 root - INFO - Initialise KNNImputer with {'missing_values': nan, 'n_neighbors': 3, 'weights': 'uniform'}
[ 2025-08-19 01:39:36,858 ] 46 root - INFO - Entered the save_object method of MainUtils class
[ 2025-08-19 01:39:36,859 ] 50 root - INFO - Exited the save_object method of MainUtils class
[ 2025-08-19 01:39:36,859 ] 46 root - INFO - Entered the save_object method of MainUtils class
[ 2025-08-19 01:39:36,859 ] 50 root - INFO - Exited the save_object method of MainUtils class
[ 2025-08-19 01:42:56,893 ] 46 root - INFO - Entered the save_object method of MainUtils class
[ 2025-08-19 01:42:56,895 ] 50 root - INFO - Exited the save_object method of MainUtils class
[ 2025-08-19 01:42:56,895 ] 46 root - INFO - Entered the save_object method of MainUtils class
[ 2025-08-19 01:42:56,924 ] 50 root - INFO - Exited the save_object method of MainUtils class
[ 2025-08-19 01:42:56,924 ] 146 root - INFO - Model trainer artifact: ModelTrainerArtifact(trained_model_file_path='Artifacts\\08_19_2025_01_39_25\\model_trainer\\trained_model\\model.pkl', train_metric_artifact=ClassificationMetricArtifact(f1_score=0.9910277324632952, precision_score=0.9902200488997555, recall_score=0.9918367346938776), test_metric_artifact=ClassificationMetricArtifact(f1_score=0.9778129952456418, precision_score=0.9739542225730071, recall_score=0.9817024661893397))
